<?xml version='1.0'?>
<ns2:test-suite xmlns:ns2='urn:model.allure.qatools.yandex.ru' start='1686032684469' stop='1686032708715'>
    <name>Launch local browser</name>
    <title>Launch local browser</title>
    <test-cases>
        <test-case start='1686032699489' status='pending' stop='1686032699494'>
            <name>my test</name>
            <title>my test</title>
            <labels/>
            <parameters/>
            <steps/>
            <attachments/>
            <failure>
                <message>Error: Timeout - Async callback was not invoked within the 15000 ms timeout specified by jest.setTimeout.</message>
                <stack-trace>Timeout - Async callback was not invoked within the 15000 ms timeout specified by jest.setTimeout.Error: Timeout - Async callback was not invoked within the 15000 ms timeout specified by jest.setTimeout.
                    at mapper (D:\Node\Playwright\Learn-playwright\node_modules\jest-jasmine2\build\queueRunner.js:21:45)
                    at D:\Node\Playwright\Learn-playwright\node_modules\jest-jasmine2\build\queueRunner.js:62:41</stack-trace>
            </failure>
        </test-case>
        <test-case start='1686032699494' status='failed' stop='1686032708715'>
            <name>my test</name>
            <title>my test</title>
            <labels/>
            <parameters/>
            <steps/>
            <attachments/>
            <failure>
                <message>Error: Timeout - Async callback was not invoked within the 15000 ms timeout specified by jest.setTimeout.</message>
                <stack-trace>Timeout - Async callback was not invoked within the 15000 ms timeout specified by jest.setTimeout.Error: Timeout - Async callback was not invoked within the 15000 ms timeout specified by jest.setTimeout.
                    at mapper (D:\Node\Playwright\Learn-playwright\node_modules\jest-jasmine2\build\queueRunner.js:21:45)
                    at D:\Node\Playwright\Learn-playwright\node_modules\jest-jasmine2\build\queueRunner.js:62:41</stack-trace>
            </failure>
        </test-case>
    </test-cases>
</ns2:test-suite>