<?xml version='1.0'?>
<ns2:test-suite xmlns:ns2='urn:model.allure.qatools.yandex.ru' start='1686032759087' stop='1686032774132'>
    <name>Learn how to handle Elements</name>
    <title>Learn how to handle Elements</title>
    <test-cases>
        <test-case start='1686032774114' status='failed' stop='1686032774120'>
            <name>Enter Git username</name>
            <title>Enter Git username</title>
            <labels/>
            <parameters/>
            <steps/>
            <attachments/>
            <failure>
                <message>Error: Timeout - Async callback was not invoked within the 15000 ms timeout specified by jest.setTimeout.</message>
                <stack-trace>Timeout - Async callback was not invoked within the 15000 ms timeout specified by jest.setTimeout.Error: Timeout - Async callback was not invoked within the 15000 ms timeout specified by jest.setTimeout.
                    at mapper (D:\Node\Playwright\Learn-playwright\node_modules\jest-jasmine2\build\queueRunner.js:21:45)
                    at D:\Node\Playwright\Learn-playwright\node_modules\jest-jasmine2\build\queueRunner.js:62:41</stack-trace>
            </failure>
        </test-case>
        <test-case start='1686032774120' status='failed' stop='1686032774128'>
            <name>Print all the repos</name>
            <title>Print all the repos</title>
            <labels/>
            <parameters/>
            <steps/>
            <attachments/>
            <failure>
                <message>Error: Timeout - Async callback was not invoked within the 15000 ms timeout specified by jest.setTimeout.</message>
                <stack-trace>Timeout - Async callback was not invoked within the 15000 ms timeout specified by jest.setTimeout.Error: Timeout - Async callback was not invoked within the 15000 ms timeout specified by jest.setTimeout.
                    at mapper (D:\Node\Playwright\Learn-playwright\node_modules\jest-jasmine2\build\queueRunner.js:21:45)
                    at D:\Node\Playwright\Learn-playwright\node_modules\jest-jasmine2\build\queueRunner.js:62:41</stack-trace>
            </failure>
        </test-case>
    </test-cases>
</ns2:test-suite>